<?xml version="1.0" encoding="UTF-8"?>
<!-- Generated by org.testng.reporters.JUnitReportReporter -->
<testsuite name="com.pom.testcases.ProfileTest" tests="1" time="36.963" ignored="0" failures="0" timestamp="15 Apr 2019 10:38:55 GMT" skipped="0" hostname="Imtiaz" errors="0">
  <testcase name="profileTest" time="36.963" classname="com.pom.testcases.ProfileTest"/>
</testsuite> <!-- com.pom.testcases.ProfileTest -->
