<?xml version="1.0" encoding="UTF-8"?>
<!-- Generated by org.testng.reporters.JUnitReportReporter -->
<testsuite name="com.pom.testcases.LoginTest" tests="2" time="53.409" ignored="0" failures="0" timestamp="15 Apr 2019 07:11:43 GMT" skipped="1" hostname="Imtiaz" errors="0">
  <testcase name="doLogin" time="0.118" classname="com.pom.testcases.LoginTest">
    <skipped/>
  </testcase> <!-- doLogin -->
  <testcase name="doLogin" time="53.291" classname="com.pom.testcases.LoginTest"/>
</testsuite> <!-- com.pom.testcases.LoginTest -->
